  ArgumentList.cpp
  ArithOp.cpp
  ArithOp_.cpp
  AssignmentStatement.cpp
  Bound.cpp
  Character.cpp
  CompilerAppJamesCReboulet.cpp
  Declaration.cpp
C:\Users\linda\OneDrive\Documents\GitHub\EECE6083_CompilerProject\CompilerAppJamesCReboulet\Declaration.cpp(145,22): warning C4018: '<': signed/unsigned mismatch
C:\Users\linda\OneDrive\Documents\GitHub\EECE6083_CompilerProject\CompilerAppJamesCReboulet\Declaration.cpp(138,14): warning C4101: 'symbolTableRightTokValue': unreferenced local variable
C:\Users\linda\OneDrive\Documents\GitHub\EECE6083_CompilerProject\CompilerAppJamesCReboulet\Declaration.cpp(137,14): warning C4101: 'symbolTableLeftTokValue': unreferenced local variable
C:\Users\linda\OneDrive\Documents\GitHub\EECE6083_CompilerProject\CompilerAppJamesCReboulet\Declaration.cpp(201,22): warning C4018: '<': signed/unsigned mismatch
C:\Users\linda\OneDrive\Documents\GitHub\EECE6083_CompilerProject\CompilerAppJamesCReboulet\Declaration.cpp(194,14): warning C4101: 'symbolTableRightTokValue': unreferenced local variable
C:\Users\linda\OneDrive\Documents\GitHub\EECE6083_CompilerProject\CompilerAppJamesCReboulet\Declaration.cpp(193,14): warning C4101: 'symbolTableLeftTokValue': unreferenced local variable
C:\Users\linda\OneDrive\Documents\GitHub\EECE6083_CompilerProject\CompilerAppJamesCReboulet\Declaration.cpp(251,22): warning C4018: '<': signed/unsigned mismatch
C:\Users\linda\OneDrive\Documents\GitHub\EECE6083_CompilerProject\CompilerAppJamesCReboulet\Declaration.cpp(244,14): warning C4101: 'symbolTableRightTokValue': unreferenced local variable
C:\Users\linda\OneDrive\Documents\GitHub\EECE6083_CompilerProject\CompilerAppJamesCReboulet\Declaration.cpp(243,14): warning C4101: 'symbolTableLeftTokValue': unreferenced local variable
  Destination.cpp
  Expression.cpp
  Expression_.cpp
  Factor.cpp
  Identifier.cpp
  IfStatement.cpp
  IntermediateCodeGenerator.cpp
  LoopStatement.cpp
  Name.cpp
  Number.cpp
  Parameter.cpp
  ParameterList.cpp
  Generating Code...
  Compiling...
  Parser.cpp
  ParseTreeNode.cpp
C:\Users\linda\OneDrive\Documents\GitHub\EECE6083_CompilerProject\CompilerAppJamesCReboulet\ParseTreeNode.cpp(415,27): warning C4018: '<': signed/unsigned mismatch
C:\Users\linda\OneDrive\Documents\GitHub\EECE6083_CompilerProject\CompilerAppJamesCReboulet\ParseTreeNode.cpp(614,31): warning C4018: '<': signed/unsigned mismatch
C:\Users\linda\OneDrive\Documents\GitHub\EECE6083_CompilerProject\CompilerAppJamesCReboulet\ParseTreeNode.cpp(633,31): warning C4018: '<': signed/unsigned mismatch
C:\Users\linda\OneDrive\Documents\GitHub\EECE6083_CompilerProject\CompilerAppJamesCReboulet\ParseTreeNode.cpp(653,31): warning C4018: '<': signed/unsigned mismatch
C:\Users\linda\OneDrive\Documents\GitHub\EECE6083_CompilerProject\CompilerAppJamesCReboulet\ParseTreeNode.cpp(685,31): warning C4018: '<': signed/unsigned mismatch
C:\Users\linda\OneDrive\Documents\GitHub\EECE6083_CompilerProject\CompilerAppJamesCReboulet\ParseTreeNode.cpp(703,27): warning C4018: '<': signed/unsigned mismatch
  ProcedureBody.cpp
  ProcedureCall.cpp
  ProcedureDeclaration.cpp
  ProcedureHeader.cpp
  Program.cpp
C:\Users\linda\OneDrive\Documents\GitHub\EECE6083_CompilerProject\CompilerAppJamesCReboulet\Program.cpp(88,22): warning C4018: '<': signed/unsigned mismatch
C:\Users\linda\OneDrive\Documents\GitHub\EECE6083_CompilerProject\CompilerAppJamesCReboulet\Program.cpp(82,14): warning C4101: 'symbolTableRightTokValue': unreferenced local variable
C:\Users\linda\OneDrive\Documents\GitHub\EECE6083_CompilerProject\CompilerAppJamesCReboulet\Program.cpp(81,14): warning C4101: 'symbolTableLeftTokValue': unreferenced local variable
C:\Users\linda\OneDrive\Documents\GitHub\EECE6083_CompilerProject\CompilerAppJamesCReboulet\Program.cpp(146,22): warning C4018: '<': signed/unsigned mismatch
C:\Users\linda\OneDrive\Documents\GitHub\EECE6083_CompilerProject\CompilerAppJamesCReboulet\Program.cpp(139,14): warning C4101: 'symbolTableRightTokValue': unreferenced local variable
C:\Users\linda\OneDrive\Documents\GitHub\EECE6083_CompilerProject\CompilerAppJamesCReboulet\Program.cpp(138,14): warning C4101: 'symbolTableLeftTokValue': unreferenced local variable
C:\Users\linda\OneDrive\Documents\GitHub\EECE6083_CompilerProject\CompilerAppJamesCReboulet\Program.cpp(196,22): warning C4018: '<': signed/unsigned mismatch
C:\Users\linda\OneDrive\Documents\GitHub\EECE6083_CompilerProject\CompilerAppJamesCReboulet\Program.cpp(189,14): warning C4101: 'symbolTableRightTokValue': unreferenced local variable
C:\Users\linda\OneDrive\Documents\GitHub\EECE6083_CompilerProject\CompilerAppJamesCReboulet\Program.cpp(188,14): warning C4101: 'symbolTableLeftTokValue': unreferenced local variable
  ProgramBody.cpp
  ProgramHeader.cpp
  Relation.cpp
  Relation_.cpp
  ReturnStatement.cpp
  Statement.cpp
  StringLiteral.cpp
  Term.cpp
  TerminalNode.cpp
  Term_.cpp
  Token.cpp
  Scanner.cpp
  TypeDeclaration.cpp
  Generating Code...
C:\Users\linda\OneDrive\Documents\GitHub\EECE6083_CompilerProject\CompilerAppJamesCReboulet\ParseTreeNode.cpp(101): warning C4715: 'ParseTreeNode::searchSymbolTable': not all control paths return a value
  Compiling...
  TypeMark.cpp
  VariableDeclaration.cpp
  Generating Code...
  CompilerAppJamesCReboulet.vcxproj -> C:\Users\linda\OneDrive\Documents\GitHub\EECE6083_CompilerProject\CompilerAppJamesCReboulet\Debug\CompilerAppJamesCReboulet.exe
