c:\currentcompilerclone\eece6083_compilerproject\compilerappjamescreboulet\debug\vc142.pdb
c:\currentcompilerclone\eece6083_compilerproject\compilerappjamescreboulet\debug\vc142.idb
c:\currentcompilerclone\eece6083_compilerproject\compilerappjamescreboulet\debug\parameterlist.obj
c:\currentcompilerclone\eece6083_compilerproject\compilerappjamescreboulet\debug\parameter.obj
c:\currentcompilerclone\eece6083_compilerproject\compilerappjamescreboulet\debug\number.obj
c:\currentcompilerclone\eece6083_compilerproject\compilerappjamescreboulet\debug\name.obj
c:\currentcompilerclone\eece6083_compilerproject\compilerappjamescreboulet\debug\loopstatement.obj
c:\currentcompilerclone\eece6083_compilerproject\compilerappjamescreboulet\debug\intermediatecodegenerator.obj
c:\currentcompilerclone\eece6083_compilerproject\compilerappjamescreboulet\debug\ifstatement.obj
c:\currentcompilerclone\eece6083_compilerproject\compilerappjamescreboulet\debug\identifier.obj
c:\currentcompilerclone\eece6083_compilerproject\compilerappjamescreboulet\debug\factor.obj
c:\currentcompilerclone\eece6083_compilerproject\compilerappjamescreboulet\debug\expression_.obj
c:\currentcompilerclone\eece6083_compilerproject\compilerappjamescreboulet\debug\expression.obj
c:\currentcompilerclone\eece6083_compilerproject\compilerappjamescreboulet\debug\destination.obj
c:\currentcompilerclone\eece6083_compilerproject\compilerappjamescreboulet\debug\declaration.obj
c:\currentcompilerclone\eece6083_compilerproject\compilerappjamescreboulet\debug\compilerappjamescreboulet.obj
c:\currentcompilerclone\eece6083_compilerproject\compilerappjamescreboulet\debug\character.obj
c:\currentcompilerclone\eece6083_compilerproject\compilerappjamescreboulet\debug\bound.obj
c:\currentcompilerclone\eece6083_compilerproject\compilerappjamescreboulet\debug\assignmentstatement.obj
c:\currentcompilerclone\eece6083_compilerproject\compilerappjamescreboulet\debug\arithop_.obj
c:\currentcompilerclone\eece6083_compilerproject\compilerappjamescreboulet\debug\arithop.obj
c:\currentcompilerclone\eece6083_compilerproject\compilerappjamescreboulet\debug\argumentlist.obj
c:\currentcompilerclone\eece6083_compilerproject\compilerappjamescreboulet\debug\typedeclaration.obj
c:\currentcompilerclone\eece6083_compilerproject\compilerappjamescreboulet\debug\scanner.obj
c:\currentcompilerclone\eece6083_compilerproject\compilerappjamescreboulet\debug\token.obj
c:\currentcompilerclone\eece6083_compilerproject\compilerappjamescreboulet\debug\term_.obj
c:\currentcompilerclone\eece6083_compilerproject\compilerappjamescreboulet\debug\terminalnode.obj
c:\currentcompilerclone\eece6083_compilerproject\compilerappjamescreboulet\debug\term.obj
c:\currentcompilerclone\eece6083_compilerproject\compilerappjamescreboulet\debug\stringliteral.obj
c:\currentcompilerclone\eece6083_compilerproject\compilerappjamescreboulet\debug\statement.obj
c:\currentcompilerclone\eece6083_compilerproject\compilerappjamescreboulet\debug\returnstatement.obj
c:\currentcompilerclone\eece6083_compilerproject\compilerappjamescreboulet\debug\relation_.obj
c:\currentcompilerclone\eece6083_compilerproject\compilerappjamescreboulet\debug\relation.obj
c:\currentcompilerclone\eece6083_compilerproject\compilerappjamescreboulet\debug\programheader.obj
c:\currentcompilerclone\eece6083_compilerproject\compilerappjamescreboulet\debug\programbody.obj
c:\currentcompilerclone\eece6083_compilerproject\compilerappjamescreboulet\debug\program.obj
c:\currentcompilerclone\eece6083_compilerproject\compilerappjamescreboulet\debug\procedureheader.obj
c:\currentcompilerclone\eece6083_compilerproject\compilerappjamescreboulet\debug\proceduredeclaration.obj
c:\currentcompilerclone\eece6083_compilerproject\compilerappjamescreboulet\debug\procedurecall.obj
c:\currentcompilerclone\eece6083_compilerproject\compilerappjamescreboulet\debug\procedurebody.obj
c:\currentcompilerclone\eece6083_compilerproject\compilerappjamescreboulet\debug\parsetreenode.obj
c:\currentcompilerclone\eece6083_compilerproject\compilerappjamescreboulet\debug\parser.obj
c:\currentcompilerclone\eece6083_compilerproject\compilerappjamescreboulet\debug\variabledeclaration.obj
c:\currentcompilerclone\eece6083_compilerproject\compilerappjamescreboulet\debug\typemark.obj
c:\currentcompilerclone\eece6083_compilerproject\compilerappjamescreboulet\debug\compilerappjamescreboulet.exe
c:\currentcompilerclone\eece6083_compilerproject\compilerappjamescreboulet\debug\compilerappjamescreboulet.ilk
c:\currentcompilerclone\eece6083_compilerproject\compilerappjamescreboulet\debug\compilerappjamescreboulet.pdb
c:\currentcompilerclone\eece6083_compilerproject\compilerappjamescreboulet\debug\compiler.39afabb9.tlog\cl.command.1.tlog
c:\currentcompilerclone\eece6083_compilerproject\compilerappjamescreboulet\debug\compiler.39afabb9.tlog\cl.read.1.tlog
c:\currentcompilerclone\eece6083_compilerproject\compilerappjamescreboulet\debug\compiler.39afabb9.tlog\cl.write.1.tlog
c:\currentcompilerclone\eece6083_compilerproject\compilerappjamescreboulet\debug\compiler.39afabb9.tlog\link.command.1.tlog
c:\currentcompilerclone\eece6083_compilerproject\compilerappjamescreboulet\debug\compiler.39afabb9.tlog\link.read.1.tlog
c:\currentcompilerclone\eece6083_compilerproject\compilerappjamescreboulet\debug\compiler.39afabb9.tlog\link.write.1.tlog
