@x= global i32
@i= global i32
@max= global i32
@out= global i32
define i32  @fib(i32 %val) {
entry:
%ret= alloca i32
%tmp= alloca i32
 alloca allocadefine i32 sub(i32 %val1) {
entry:
%val2= alloca i32
store  %val2, %1 = fadd %val2
ret %val2
}
%0 = fcmp oeq float %val,0
br i1 %0, label btrue0, label %bfalse0

btrue0:
store  %ret, 0
ret %ret
br label %end0
bfalse0:
br label %end0

end0:
%1 = fcmp oeq float %val,1
br i1 %1, label btrue1, label %bfalse1

btrue1:
store  %ret, 1
ret %ret
br label %end1
bfalse1:
br label %end1

end1:
store  %val, 
store  %tmp, 
store  %val, 
store  %tmp, 
store  %ret, %3 = fadd %tmp
ret %ret
}
define i32 @main() {
store  @max, 
store  @i, 0
 olt float %i, %max
br i1 %-1, label btrue-1, label %bfalse-1
store  @x, 
store  @out, 
store  @i,  %i
}
